<?xml version="1.0" encoding="UTF-8" ?>
<testsuite failures="0" time="0.755" errors="0" skipped="0" tests="16" name="artOfTesting.googleCalcTest">
  <properties>
[...]
</properties>
  <testcase time="0.002" classname="Scenario: Addition" name="Given I open google"/>
  <testcase time="0" classname="Scenario: Addition" name="When I enter &quot;121+28&quot; in search textbox"/>
  <testcase time="0" classname="Scenario: Addition" name="Then I should get result as &quot;149&quot;"/>
  <testcase time="0.19" classname="Scenario: Addition" name="Scenario: Addition"/>
  <testcase time="0" classname="Scenario: Division" name="Given I open google"/>
  <testcase time="0" classname="Scenario: Division" name="When I enter &quot;34/17&quot; in search textbox"/>
  <testcase time="0" classname="Scenario: Division" name="Then I should get result as &quot;2&quot;"/>
  <testcase time="0.174" classname="Scenario: Division" name="Scenario: Division"/>
  <testcase time="0" classname="Scenario: Multiplication" name="Given I open google"/>
  <testcase time="0" classname="Scenario: Multiplication" name="When I enter &quot;12*4&quot; in search textbox"/>
  <testcase time="0" classname="Scenario: Multiplication" name="Then I should get result as &quot;48&quot;"/>
  <testcase time="0.191" classname="Scenario: Multiplication" name="Scenario: Multiplication"/>
  <testcase time="0" classname="Scenario: Subtraction" name="Given I open google"/>
  <testcase time="0" classname="Scenario: Subtraction" name="When I enter &quot;20.5-2&quot; in search textbox"/>
  <testcase time="0" classname="Scenario: Subtraction" name="Then I should get result as &quot;18.5&quot;"/>
  <testcase time="0.198" classname="Scenario: Subtraction" name="Scenario: Subtraction"/>
</testsuite>